<?xml version="1.0" encoding="UTF-8"?>
<!-- Generated by org.testng.reporters.JUnitReportReporter -->
<testsuite skipped="0" hostname="SYED" name="Testng.multiple" tests="1" failures="0" timestamp="21 May 2020 05:28:11 GMT" time="0.015" errors="0">
  <testcase name="run" time="0.015" classname="Testng.multiple"/>
</testsuite> <!-- Testng.multiple -->
