<?xml version="1.0" encoding="UTF-8"?>
<!-- Generated by org.testng.reporters.JUnitReportReporter -->
<testsuite skipped="2" hostname="SYED" name="Testng.pro4" tests="4" failures="0" timestamp="18 May 2020 10:19:36 GMT" time="0.010" errors="0">
  <testcase name="createproject" time="0.008" classname="Testng.pro4"/>
  <testcase name="createuser" time="0.002" classname="Testng.pro4"/>
  <testcase name="deleteproject" classname="Testng.pro4">
    <skipped/>
  </testcase> <!-- deleteproject -->
  <testcase name="deleteuser" classname="Testng.pro4">
    <skipped/>
  </testcase> <!-- deleteuser -->
</testsuite> <!-- Testng.pro4 -->
