<?xml version="1.0" encoding="UTF-8"?>
<!-- Generated by org.testng.reporters.JUnitReportReporter -->
<testsuite skipped="0" hostname="SYED" name="Testng.pro1" tests="5" failures="0" timestamp="18 May 2020 10:54:48 GMT" time="0.021" errors="0">
  <testcase name="createuser" time="0.002" classname="Testng.pro1"/>
  <testcase name="createuser" time="0.002" classname="Testng.pro1"/>
  <testcase name="deleteasser" time="0.001" classname="Testng.pro1"/>
  <testcase name="asser" time="0.014" classname="Testng.pro1"/>
  <testcase name="createuser" time="0.002" classname="Testng.pro1"/>
</testsuite> <!-- Testng.pro1 -->
