<?xml version="1.0" encoding="UTF-8"?>
<!-- Generated by org.testng.reporters.JUnitReportReporter -->
<testsuite skipped="0" hostname="SYED" name="Testng.pro2" tests="3" failures="0" timestamp="18 May 2020 09:55:59 GMT" time="0.010" errors="0">
  <testcase name="createuser" time="0.002" classname="Testng.pro2"/>
  <testcase name="deleteuser" time="0.003" classname="Testng.pro2"/>
  <testcase name="createuser" time="0.005" classname="Testng.pro2"/>
</testsuite> <!-- Testng.pro2 -->
