<?xml version="1.0" encoding="UTF-8"?>
<!-- Generated by org.testng.reporters.JUnitReportReporter -->
<testsuite skipped="0" hostname="SYED" name="Testng.methods" tests="2" failures="0" timestamp="18 May 2020 09:55:59 GMT" time="0.012" errors="0">
  <testcase name="test2" time="0.009" classname="Testng.methods"/>
  <testcase name="test" time="0.003" classname="Testng.methods"/>
</testsuite> <!-- Testng.methods -->
